0 info it worked if it ends with ok
1 verbose cli [ 'C:\\Program Files\\nodejs\\node.exe',
1 verbose cli   'C:\\Program Files\\nodejs\\node_modules\\npm\\bin\\npm-cli.js',
1 verbose cli   'i',
1 verbose cli   'react',
1 verbose cli   'react-dom',
1 verbose cli   '--save' ]
2 info using npm@3.10.8
3 info using node@v6.9.1
4 silly loadCurrentTree Starting
5 silly install loadCurrentTree
6 silly install readLocalPackageData
7 silly fetchPackageMetaData react
8 silly fetchPackageMetaData react-dom
9 silly fetchNamedPackageData react
10 silly mapToRegistry name react
11 silly mapToRegistry using default registry
12 silly mapToRegistry registry https://registry.npmjs.org/
13 silly mapToRegistry data Result {
13 silly mapToRegistry   raw: 'react',
13 silly mapToRegistry   scope: null,
13 silly mapToRegistry   escapedName: 'react',
13 silly mapToRegistry   name: 'react',
13 silly mapToRegistry   rawSpec: '',
13 silly mapToRegistry   spec: 'latest',
13 silly mapToRegistry   type: 'tag' }
14 silly mapToRegistry uri https://registry.npmjs.org/react
15 silly fetchNamedPackageData react-dom
16 silly mapToRegistry name react-dom
17 silly mapToRegistry using default registry
18 silly mapToRegistry registry https://registry.npmjs.org/
19 silly mapToRegistry data Result {
19 silly mapToRegistry   raw: 'react-dom',
19 silly mapToRegistry   scope: null,
19 silly mapToRegistry   escapedName: 'react-dom',
19 silly mapToRegistry   name: 'react-dom',
19 silly mapToRegistry   rawSpec: '',
19 silly mapToRegistry   spec: 'latest',
19 silly mapToRegistry   type: 'tag' }
20 silly mapToRegistry uri https://registry.npmjs.org/react-dom
21 verbose request uri https://registry.npmjs.org/react-dom
22 verbose request no auth needed
23 info attempt registry request try #1 at 12:40:27
24 verbose request using bearer token for auth
25 verbose request id d0e5b6605c587795
26 verbose etag W/"583eddda-f8f6"
27 verbose lastModified Wed, 30 Nov 2016 14:10:34 GMT
28 http request GET https://registry.npmjs.org/react-dom
29 verbose request uri https://registry.npmjs.org/react
30 verbose request no auth needed
31 info attempt registry request try #1 at 12:40:27
32 verbose request using bearer token for auth
33 verbose etag W/"583ff649-20f8b"
34 verbose lastModified Thu, 01 Dec 2016 10:07:05 GMT
35 http request GET https://registry.npmjs.org/react
36 info retry will retry, error on last attempt: Error: getaddrinfo ENOTFOUND registry.npmjs.org registry.npmjs.org:443
37 info retry will retry, error on last attempt: Error: getaddrinfo ENOTFOUND registry.npmjs.org registry.npmjs.org:443
38 info attempt registry request try #2 at 12:40:49
39 verbose request using bearer token for auth
40 verbose etag W/"583eddda-f8f6"
41 verbose lastModified Wed, 30 Nov 2016 14:10:34 GMT
42 http request GET https://registry.npmjs.org/react-dom
43 info attempt registry request try #2 at 12:40:49
44 verbose request using bearer token for auth
45 verbose etag W/"583ff649-20f8b"
46 verbose lastModified Thu, 01 Dec 2016 10:07:05 GMT
47 http request GET https://registry.npmjs.org/react
48 info retry will retry, error on last attempt: Error: getaddrinfo ENOTFOUND registry.npmjs.org registry.npmjs.org:443
49 info retry will retry, error on last attempt: Error: getaddrinfo ENOTFOUND registry.npmjs.org registry.npmjs.org:443
50 info attempt registry request try #3 at 12:42:01
51 verbose request using bearer token for auth
52 verbose etag W/"583eddda-f8f6"
53 verbose lastModified Wed, 30 Nov 2016 14:10:34 GMT
54 http request GET https://registry.npmjs.org/react-dom
55 info attempt registry request try #3 at 12:42:02
56 verbose request using bearer token for auth
57 verbose etag W/"583ff649-20f8b"
58 verbose lastModified Thu, 01 Dec 2016 10:07:05 GMT
59 http request GET https://registry.npmjs.org/react
60 silly get cb [ 304, undefined ]
61 verbose etag https://registry.npmjs.org/react from cache
62 verbose get saving react to C:\Users\Gusev.Vasiliy\AppData\Roaming\npm-cache\registry.npmjs.org\react\.cache.json
63 verbose correctMkdir C:\Users\Gusev.Vasiliy\AppData\Roaming\npm-cache correctMkdir not in flight; initializing
64 silly get cb [ 304, undefined ]
65 verbose etag https://registry.npmjs.org/react-dom from cache
66 verbose get saving react-dom to C:\Users\Gusev.Vasiliy\AppData\Roaming\npm-cache\registry.npmjs.org\react-dom\.cache.json
67 verbose correctMkdir C:\Users\Gusev.Vasiliy\AppData\Roaming\npm-cache correctMkdir not in flight; initializing
68 silly install normalizeTree
69 silly loadCurrentTree Finishing
70 silly loadIdealTree Starting
71 silly install loadIdealTree
72 silly cloneCurrentTree Starting
73 silly install cloneCurrentTreeToIdealTree
74 silly cloneCurrentTree Finishing
75 silly loadShrinkwrap Starting
76 silly install loadShrinkwrap
77 silly loadShrinkwrap Finishing
78 silly loadAllDepsIntoIdealTree Starting
79 silly install loadAllDepsIntoIdealTree
80 silly resolveWithNewModule react@15.4.1 checking installable status
81 silly cache add args [ 'react', null ]
82 verbose cache add spec react
83 silly resolveWithNewModule react-dom@15.4.1 checking installable status
84 silly cache add args [ 'react-dom', null ]
85 verbose cache add spec react-dom
86 silly cache add parsed spec Result {
86 silly cache add   raw: 'react',
86 silly cache add   scope: null,
86 silly cache add   escapedName: 'react',
86 silly cache add   name: 'react',
86 silly cache add   rawSpec: '',
86 silly cache add   spec: 'latest',
86 silly cache add   type: 'tag' }
87 silly addNamed react@latest
88 verbose addNamed "latest" is being treated as a dist-tag for react
89 info addNameTag [ 'react', 'latest' ]
90 silly mapToRegistry name react
91 silly mapToRegistry using default registry
92 silly mapToRegistry registry https://registry.npmjs.org/
93 silly mapToRegistry data Result {
93 silly mapToRegistry   raw: 'react',
93 silly mapToRegistry   scope: null,
93 silly mapToRegistry   escapedName: 'react',
93 silly mapToRegistry   name: 'react',
93 silly mapToRegistry   rawSpec: '',
93 silly mapToRegistry   spec: 'latest',
93 silly mapToRegistry   type: 'tag' }
94 silly mapToRegistry uri https://registry.npmjs.org/react
95 verbose addNameTag registry:https://registry.npmjs.org/react not in flight; fetching
96 silly cache add parsed spec Result {
96 silly cache add   raw: 'react-dom',
96 silly cache add   scope: null,
96 silly cache add   escapedName: 'react-dom',
96 silly cache add   name: 'react-dom',
96 silly cache add   rawSpec: '',
96 silly cache add   spec: 'latest',
96 silly cache add   type: 'tag' }
97 silly addNamed react-dom@latest
98 verbose addNamed "latest" is being treated as a dist-tag for react-dom
99 info addNameTag [ 'react-dom', 'latest' ]
100 silly mapToRegistry name react-dom
101 silly mapToRegistry using default registry
102 silly mapToRegistry registry https://registry.npmjs.org/
103 silly mapToRegistry data Result {
103 silly mapToRegistry   raw: 'react-dom',
103 silly mapToRegistry   scope: null,
103 silly mapToRegistry   escapedName: 'react-dom',
103 silly mapToRegistry   name: 'react-dom',
103 silly mapToRegistry   rawSpec: '',
103 silly mapToRegistry   spec: 'latest',
103 silly mapToRegistry   type: 'tag' }
104 silly mapToRegistry uri https://registry.npmjs.org/react-dom
105 verbose addNameTag registry:https://registry.npmjs.org/react-dom not in flight; fetching
106 verbose get https://registry.npmjs.org/react-dom not expired, no request
107 silly addNameTag next cb for react-dom with tag latest
108 silly addNamed react-dom@15.4.1
109 verbose addNamed "15.4.1" is a plain semver version for react-dom
110 verbose get https://registry.npmjs.org/react not expired, no request
111 silly addNameTag next cb for react with tag latest
112 silly addNamed react@15.4.1
113 verbose addNamed "15.4.1" is a plain semver version for react
114 silly mapToRegistry name react-dom
115 silly mapToRegistry using default registry
116 silly mapToRegistry registry https://registry.npmjs.org/
117 silly mapToRegistry data Result {
117 silly mapToRegistry   raw: 'react-dom',
117 silly mapToRegistry   scope: null,
117 silly mapToRegistry   escapedName: 'react-dom',
117 silly mapToRegistry   name: 'react-dom',
117 silly mapToRegistry   rawSpec: '',
117 silly mapToRegistry   spec: 'latest',
117 silly mapToRegistry   type: 'tag' }
118 silly mapToRegistry uri https://registry.npmjs.org/react-dom
119 verbose addRemoteTarball https://registry.npmjs.org/react-dom/-/react-dom-15.4.1.tgz not in flight; adding
120 verbose addRemoteTarball [ 'https://registry.npmjs.org/react-dom/-/react-dom-15.4.1.tgz',
120 verbose addRemoteTarball   'd54c913261aaedb17adc20410d029dcc18a1344a' ]
121 info retry fetch attempt 1 at 12:42:14
122 info attempt registry request try #1 at 12:42:14
123 http fetch GET https://registry.npmjs.org/react-dom/-/react-dom-15.4.1.tgz
124 verbose request using bearer token for auth
125 silly mapToRegistry name react
126 silly mapToRegistry using default registry
127 silly mapToRegistry registry https://registry.npmjs.org/
128 silly mapToRegistry data Result {
128 silly mapToRegistry   raw: 'react',
128 silly mapToRegistry   scope: null,
128 silly mapToRegistry   escapedName: 'react',
128 silly mapToRegistry   name: 'react',
128 silly mapToRegistry   rawSpec: '',
128 silly mapToRegistry   spec: 'latest',
128 silly mapToRegistry   type: 'tag' }
129 silly mapToRegistry uri https://registry.npmjs.org/react
130 verbose addRemoteTarball https://registry.npmjs.org/react/-/react-15.4.1.tgz not in flight; adding
131 verbose addRemoteTarball [ 'https://registry.npmjs.org/react/-/react-15.4.1.tgz',
131 verbose addRemoteTarball   '498e918602677a3983cd0fd206dfe700389a0dd6' ]
132 info retry fetch attempt 1 at 12:42:14
133 info attempt registry request try #1 at 12:42:14
134 http fetch GET https://registry.npmjs.org/react/-/react-15.4.1.tgz
135 verbose request using bearer token for auth
136 info retry will retry, error on last attempt: Error: getaddrinfo EAI_AGAIN registry.npmjs.org:443
137 info retry will retry, error on last attempt: Error: getaddrinfo ENOTFOUND registry.npmjs.org registry.npmjs.org:443
138 info attempt registry request try #2 at 12:42:35
139 http fetch GET https://registry.npmjs.org/react/-/react-15.4.1.tgz
140 verbose request using bearer token for auth
141 info attempt registry request try #2 at 12:42:36
142 http fetch GET https://registry.npmjs.org/react-dom/-/react-dom-15.4.1.tgz
143 verbose request using bearer token for auth
144 info retry will retry, error on last attempt: Error: getaddrinfo EAI_AGAIN registry.npmjs.org:443
145 info retry will retry, error on last attempt: Error: getaddrinfo ENOTFOUND registry.npmjs.org registry.npmjs.org:443
146 info attempt registry request try #3 at 12:43:46
147 http fetch GET https://registry.npmjs.org/react-dom/-/react-dom-15.4.1.tgz
148 verbose request using bearer token for auth
149 info attempt registry request try #3 at 12:43:47
150 http fetch GET https://registry.npmjs.org/react/-/react-15.4.1.tgz
151 verbose request using bearer token for auth
152 error fetch failed https://registry.npmjs.org/react-dom/-/react-dom-15.4.1.tgz
153 warn retry will retry, error on last attempt: Error: getaddrinfo ENOTFOUND registry.npmjs.org registry.npmjs.org:443
154 error fetch failed https://registry.npmjs.org/react/-/react-15.4.1.tgz
155 warn retry will retry, error on last attempt: Error: getaddrinfo ENOTFOUND registry.npmjs.org registry.npmjs.org:443
156 info retry fetch attempt 2 at 12:44:08
157 info attempt registry request try #1 at 12:44:08
158 http fetch GET https://registry.npmjs.org/react-dom/-/react-dom-15.4.1.tgz
159 verbose request using bearer token for auth
160 info retry fetch attempt 2 at 12:44:09
161 info attempt registry request try #1 at 12:44:09
162 http fetch GET https://registry.npmjs.org/react/-/react-15.4.1.tgz
163 verbose request using bearer token for auth
164 info retry will retry, error on last attempt: Error: getaddrinfo EAI_AGAIN registry.npmjs.org:443
165 info retry will retry, error on last attempt: Error: getaddrinfo ENOTFOUND registry.npmjs.org registry.npmjs.org:443
166 info attempt registry request try #2 at 12:44:29
167 http fetch GET https://registry.npmjs.org/react-dom/-/react-dom-15.4.1.tgz
168 verbose request using bearer token for auth
169 info attempt registry request try #2 at 12:44:31
170 http fetch GET https://registry.npmjs.org/react/-/react-15.4.1.tgz
171 verbose request using bearer token for auth
172 info retry will retry, error on last attempt: Error: getaddrinfo ENOTFOUND registry.npmjs.org registry.npmjs.org:443
173 info retry will retry, error on last attempt: Error: getaddrinfo EAI_AGAIN registry.npmjs.org:443
174 info attempt registry request try #3 at 12:45:41
175 http fetch GET https://registry.npmjs.org/react-dom/-/react-dom-15.4.1.tgz
176 verbose request using bearer token for auth
177 info attempt registry request try #3 at 12:45:42
178 http fetch GET https://registry.npmjs.org/react/-/react-15.4.1.tgz
179 verbose request using bearer token for auth
180 error fetch failed https://registry.npmjs.org/react/-/react-15.4.1.tgz
181 warn retry will retry, error on last attempt: Error: getaddrinfo EAI_AGAIN registry.npmjs.org:443
182 error fetch failed https://registry.npmjs.org/react-dom/-/react-dom-15.4.1.tgz
183 warn retry will retry, error on last attempt: Error: getaddrinfo ENOTFOUND registry.npmjs.org registry.npmjs.org:443
184 info retry fetch attempt 3 at 12:46:52
185 info attempt registry request try #1 at 12:46:52
186 http fetch GET https://registry.npmjs.org/react/-/react-15.4.1.tgz
187 verbose request using bearer token for auth
188 info retry fetch attempt 3 at 12:46:53
189 info attempt registry request try #1 at 12:46:53
190 http fetch GET https://registry.npmjs.org/react-dom/-/react-dom-15.4.1.tgz
191 verbose request using bearer token for auth
192 info retry will retry, error on last attempt: Error: getaddrinfo EAI_AGAIN registry.npmjs.org:443
193 info retry will retry, error on last attempt: Error: getaddrinfo ENOTFOUND registry.npmjs.org registry.npmjs.org:443
194 info attempt registry request try #2 at 12:47:14
195 http fetch GET https://registry.npmjs.org/react-dom/-/react-dom-15.4.1.tgz
196 verbose request using bearer token for auth
197 info attempt registry request try #2 at 12:47:14
198 http fetch GET https://registry.npmjs.org/react/-/react-15.4.1.tgz
199 verbose request using bearer token for auth
200 info retry will retry, error on last attempt: Error: getaddrinfo ENOTFOUND registry.npmjs.org registry.npmjs.org:443
201 info retry will retry, error on last attempt: Error: getaddrinfo ENOTFOUND registry.npmjs.org registry.npmjs.org:443
202 info attempt registry request try #3 at 12:48:26
203 http fetch GET https://registry.npmjs.org/react-dom/-/react-dom-15.4.1.tgz
204 verbose request using bearer token for auth
205 info attempt registry request try #3 at 12:48:26
206 http fetch GET https://registry.npmjs.org/react/-/react-15.4.1.tgz
207 verbose request using bearer token for auth
208 error fetch failed https://registry.npmjs.org/react-dom/-/react-dom-15.4.1.tgz
209 error fetch failed https://registry.npmjs.org/react/-/react-15.4.1.tgz
210 silly rollbackFailedOptional Starting
211 silly rollbackFailedOptional Finishing
212 silly runTopLevelLifecycles Finishing
213 silly install printInstalled
214 verbose stack Error: getaddrinfo ENOTFOUND registry.npmjs.org registry.npmjs.org:443
214 verbose stack     at errnoException (dns.js:28:10)
214 verbose stack     at GetAddrInfoReqWrap.onlookup [as oncomplete] (dns.js:76:26)
215 verbose cwd D:\web\test4
216 error Windows_NT 6.1.7601
217 error argv "C:\\Program Files\\nodejs\\node.exe" "C:\\Program Files\\nodejs\\node_modules\\npm\\bin\\npm-cli.js" "i" "react" "react-dom" "--save"
218 error node v6.9.1
219 error npm  v3.10.8
220 error code ENOTFOUND
221 error errno ENOTFOUND
222 error syscall getaddrinfo
223 error network getaddrinfo ENOTFOUND registry.npmjs.org registry.npmjs.org:443
224 error network This is most likely not a problem with npm itself
224 error network and is related to network connectivity.
224 error network In most cases you are behind a proxy or have bad network settings.
224 error network
224 error network If you are behind a proxy, please make sure that the
224 error network 'proxy' config is set properly.  See: 'npm help config'
225 verbose exit [ 1, true ]
